c:\users\dieungocbao\source\repos\quicklaunch\quicklaunch\release\quicklaunch.pch
c:\users\dieungocbao\source\repos\quicklaunch\quicklaunch\release\vc141.pdb
c:\users\dieungocbao\source\repos\quicklaunch\quicklaunch\release\stdafx.obj
c:\users\dieungocbao\source\repos\quicklaunch\quicklaunch\release\capp.obj
c:\users\dieungocbao\source\repos\quicklaunch\quicklaunch\release\quicklaunch.obj
c:\users\dieungocbao\source\repos\quicklaunch\release\quicklaunch.exe
c:\users\dieungocbao\source\repos\quicklaunch\release\quicklaunch.pdb
c:\users\dieungocbao\source\repos\quicklaunch\release\quicklaunch.ipdb
c:\users\dieungocbao\source\repos\quicklaunch\release\quicklaunch.iobj
c:\users\dieungocbao\source\repos\quicklaunch\quicklaunch\release\quicklaunch.res
c:\users\dieungocbao\source\repos\quicklaunch\quicklaunch\release\quicklaunch.tlog\cl.command.1.tlog
c:\users\dieungocbao\source\repos\quicklaunch\quicklaunch\release\quicklaunch.tlog\cl.read.1.tlog
c:\users\dieungocbao\source\repos\quicklaunch\quicklaunch\release\quicklaunch.tlog\cl.write.1.tlog
c:\users\dieungocbao\source\repos\quicklaunch\quicklaunch\release\quicklaunch.tlog\link.command.1.tlog
c:\users\dieungocbao\source\repos\quicklaunch\quicklaunch\release\quicklaunch.tlog\link.read.1.tlog
c:\users\dieungocbao\source\repos\quicklaunch\quicklaunch\release\quicklaunch.tlog\link.write.1.tlog
c:\users\dieungocbao\source\repos\quicklaunch\quicklaunch\release\quicklaunch.tlog\quicklaunch.write.1u.tlog
c:\users\dieungocbao\source\repos\quicklaunch\quicklaunch\release\quicklaunch.tlog\rc.command.1.tlog
c:\users\dieungocbao\source\repos\quicklaunch\quicklaunch\release\quicklaunch.tlog\rc.read.1.tlog
c:\users\dieungocbao\source\repos\quicklaunch\quicklaunch\release\quicklaunch.tlog\rc.write.1.tlog
